#
# There is insufficient memory for the Java Runtime Environment to continue.
# Cannot create GC thread. Out of system resources.
# Possible reasons:
#   The system is out of physical RAM or swap space
#   In 32 bit mode, the process size limit was hit
# Possible solutions:
#   Reduce memory load on the system
#   Increase physical memory or swap space
#   Check if swap backing store is full
#   Use 64 bit Java on a 64 bit OS
#   Decrease Java heap size (-Xmx/-Xms)
#   Decrease number of Java threads
#   Decrease Java thread stack sizes (-Xss)
#   Set larger code cache with -XX:ReservedCodeCacheSize=
# This output file may be truncated or incomplete.
#
#  Out of Memory Error (gcTaskThread.cpp:48), pid=17000, tid=0x00007f1ee0411700
#
# JRE version:  (8.0_191-b12) (build )
# Java VM: OpenJDK 64-Bit Server VM (25.191-b12 mixed mode linux-amd64 compressed oops)
# Failed to write core dump. Core dumps have been disabled. To enable core dumping, try "ulimit -c unlimited" before starting Java again
#

---------------  T H R E A D  ---------------

Current thread (0x00007f1ed800a800):  JavaThread "Unknown thread" [_thread_in_vm, id=25617, stack(0x00007f1ee0311000,0x00007f1ee0412000)]

Stack: [0x00007f1ee0311000,0x00007f1ee0412000],  sp=0x00007f1ee0410800,  free space=1022k
Native frames: (J=compiled Java code, j=interpreted, Vv=VM code, C=native code)
V  [libjvm.so+0xa7414b]
V  [libjvm.so+0x4c8ebc]
V  [libjvm.so+0x5ab64f]
V  [libjvm.so+0x5aa7b7]
V  [libjvm.so+0x8e6739]
V  [libjvm.so+0xa376b9]
V  [libjvm.so+0xa37902]
V  [libjvm.so+0x6143ff]
V  [libjvm.so+0xa1ccaa]
V  [libjvm.so+0x68dff2]  JNI_CreateJavaVM+0x62
C  [libjli.so+0x2f2e]
C  [libjli.so+0x74ed]
C  [libpthread.so.0+0x76ba]  start_thread+0xca


---------------  P R O C E S S  ---------------

Java Threads: ( => current thread )

Other Threads:

=>0x00007f1ed800a800 (exited) JavaThread "Unknown thread" [_thread_in_vm, id=25617, stack(0x00007f1ee0311000,0x00007f1ee0412000)]

VM state:not at safepoint (not fully initialized)

VM Mutex/Monitor currently owned by a thread: None

GC Heap History (0 events):
No events

Deoptimization events (0 events):
No events

Classes redefined (0 events):
No events

Internal exceptions (0 events):
No events

Events (0 events):
No events


Dynamic libraries:
00400000-00401000 r-xp 00000000 08:01 7082346                            /usr/lib/jvm/java-8-openjdk-amd64/jre/bin/java
00600000-00601000 r--p 00000000 08:01 7082346                            /usr/lib/jvm/java-8-openjdk-amd64/jre/bin/java
00601000-00602000 rw-p 00001000 08:01 7082346                            /usr/lib/jvm/java-8-openjdk-amd64/jre/bin/java
01499000-014ba000 rw-p 00000000 00:00 0                                  [heap]
84200000-89500000 rw-p 00000000 00:00 0 
89500000-d6b80000 ---p 00000000 00:00 0 
d6b80000-d9480000 rw-p 00000000 00:00 0 
d9480000-100000000 ---p 00000000 00:00 0 
7f1ec9000000-7f1ec9270000 rwxp 00000000 00:00 0 
7f1ec9270000-7f1ed8000000 ---p 00000000 00:00 0 
7f1ed8000000-7f1ed8037000 rw-p 00000000 00:00 0 
7f1ed8037000-7f1edc000000 ---p 00000000 00:00 0 
7f1edc248000-7f1edc249000 ---p 00000000 00:00 0 
7f1edc249000-7f1edc373000 rw-p 00000000 00:00 0 
7f1edc373000-7f1edc5de000 ---p 00000000 00:00 0 
7f1edc5de000-7f1edc608000 rw-p 00000000 00:00 0 
7f1edc608000-7f1edc872000 ---p 00000000 00:00 0 
7f1edc872000-7f1edc888000 rw-p 00000000 00:00 0 
7f1edc888000-7f1edc9bd000 ---p 00000000 00:00 0 
7f1edc9bd000-7f1edc9c8000 rw-p 00000000 00:00 0 
7f1edc9c8000-7f1edcd7e000 ---p 00000000 00:00 0 
7f1edcd7e000-7f1edcd86000 r-xp 00000000 08:01 7082318                    /usr/lib/jvm/java-8-openjdk-amd64/jre/lib/amd64/libzip.so
7f1edcd86000-7f1edcf85000 ---p 00008000 08:01 7082318                    /usr/lib/jvm/java-8-openjdk-amd64/jre/lib/amd64/libzip.so
7f1edcf85000-7f1edcf86000 r--p 00007000 08:01 7082318                    /usr/lib/jvm/java-8-openjdk-amd64/jre/lib/amd64/libzip.so
7f1edcf86000-7f1edcf87000 rw-p 00008000 08:01 7082318                    /usr/lib/jvm/java-8-openjdk-amd64/jre/lib/amd64/libzip.so
7f1edcf87000-7f1edcf92000 r-xp 00000000 08:01 19797427                   /lib/x86_64-linux-gnu/libnss_files-2.23.so
7f1edcf92000-7f1edd191000 ---p 0000b000 08:01 19797427                   /lib/x86_64-linux-gnu/libnss_files-2.23.so
7f1edd191000-7f1edd192000 r--p 0000a000 08:01 19797427                   /lib/x86_64-linux-gnu/libnss_files-2.23.so
7f1edd192000-7f1edd193000 rw-p 0000b000 08:01 19797427                   /lib/x86_64-linux-gnu/libnss_files-2.23.so
7f1edd193000-7f1edd199000 rw-p 00000000 00:00 0 
7f1edd199000-7f1edd1a4000 r-xp 00000000 08:01 19797420                   /lib/x86_64-linux-gnu/libnss_nis-2.23.so
7f1edd1a4000-7f1edd3a3000 ---p 0000b000 08:01 19797420                   /lib/x86_64-linux-gnu/libnss_nis-2.23.so
7f1edd3a3000-7f1edd3a4000 r--p 0000a000 08:01 19797420                   /lib/x86_64-linux-gnu/libnss_nis-2.23.so
7f1edd3a4000-7f1edd3a5000 rw-p 0000b000 08:01 19797420                   /lib/x86_64-linux-gnu/libnss_nis-2.23.so
7f1edd3a5000-7f1edd3bb000 r-xp 00000000 08:01 19797425                   /lib/x86_64-linux-gnu/libnsl-2.23.so
7f1edd3bb000-7f1edd5ba000 ---p 00016000 08:01 19797425                   /lib/x86_64-linux-gnu/libnsl-2.23.so
7f1edd5ba000-7f1edd5bb000 r--p 00015000 08:01 19797425                   /lib/x86_64-linux-gnu/libnsl-2.23.so
7f1edd5bb000-7f1edd5bc000 rw-p 00016000 08:01 19797425                   /lib/x86_64-linux-gnu/libnsl-2.23.so
7f1edd5bc000-7f1edd5be000 rw-p 00000000 00:00 0 
7f1edd5be000-7f1edd5c6000 r-xp 00000000 08:01 19797431                   /lib/x86_64-linux-gnu/libnss_compat-2.23.so
7f1edd5c6000-7f1edd7c5000 ---p 00008000 08:01 19797431                   /lib/x86_64-linux-gnu/libnss_compat-2.23.so
7f1edd7c5000-7f1edd7c6000 r--p 00007000 08:01 19797431                   /lib/x86_64-linux-gnu/libnss_compat-2.23.so
7f1edd7c6000-7f1edd7c7000 rw-p 00008000 08:01 19797431                   /lib/x86_64-linux-gnu/libnss_compat-2.23.so
7f1edd7c7000-7f1edd7f4000 r-xp 00000000 08:01 7082322                    /usr/lib/jvm/java-8-openjdk-amd64/jre/lib/amd64/libjava.so
7f1edd7f4000-7f1edd9f3000 ---p 0002d000 08:01 7082322                    /usr/lib/jvm/java-8-openjdk-amd64/jre/lib/amd64/libjava.so
7f1edd9f3000-7f1edd9f4000 r--p 0002c000 08:01 7082322                    /usr/lib/jvm/java-8-openjdk-amd64/jre/lib/amd64/libjava.so
7f1edd9f4000-7f1edd9f6000 rw-p 0002d000 08:01 7082322                    /usr/lib/jvm/java-8-openjdk-amd64/jre/lib/amd64/libjava.so
7f1edd9f6000-7f1edda05000 r-xp 00000000 08:01 7082326                    /usr/lib/jvm/java-8-openjdk-amd64/jre/lib/amd64/libverify.so
7f1edda05000-7f1eddc04000 ---p 0000f000 08:01 7082326                    /usr/lib/jvm/java-8-openjdk-amd64/jre/lib/amd64/libverify.so
7f1eddc04000-7f1eddc06000 r--p 0000e000 08:01 7082326                    /usr/lib/jvm/java-8-openjdk-amd64/jre/lib/amd64/libverify.so
7f1eddc06000-7f1eddc07000 rw-p 00010000 08:01 7082326                    /usr/lib/jvm/java-8-openjdk-amd64/jre/lib/amd64/libverify.so
7f1eddc07000-7f1eddc0e000 r-xp 00000000 08:01 19792640                   /lib/x86_64-linux-gnu/librt-2.23.so
7f1eddc0e000-7f1edde0d000 ---p 00007000 08:01 19792640                   /lib/x86_64-linux-gnu/librt-2.23.so
7f1edde0d000-7f1edde0e000 r--p 00006000 08:01 19792640                   /lib/x86_64-linux-gnu/librt-2.23.so
7f1edde0e000-7f1edde0f000 rw-p 00007000 08:01 19792640                   /lib/x86_64-linux-gnu/librt-2.23.so
7f1edde0f000-7f1edde25000 r-xp 00000000 08:01 19793072                   /lib/x86_64-linux-gnu/libgcc_s.so.1
7f1edde25000-7f1ede024000 ---p 00016000 08:01 19793072                   /lib/x86_64-linux-gnu/libgcc_s.so.1
7f1ede024000-7f1ede025000 rw-p 00015000 08:01 19793072                   /lib/x86_64-linux-gnu/libgcc_s.so.1
7f1ede025000-7f1ede12d000 r-xp 00000000 08:01 19797433                   /lib/x86_64-linux-gnu/libm-2.23.so
7f1ede12d000-7f1ede32c000 ---p 00108000 08:01 19797433                   /lib/x86_64-linux-gnu/libm-2.23.so
7f1ede32c000-7f1ede32d000 r--p 00107000 08:01 19797433                   /lib/x86_64-linux-gnu/libm-2.23.so
7f1ede32d000-7f1ede32e000 rw-p 00108000 08:01 19797433                   /lib/x86_64-linux-gnu/libm-2.23.so
7f1ede32e000-7f1ede4a0000 r-xp 00000000 08:01 58197300                   /usr/lib/x86_64-linux-gnu/libstdc++.so.6.0.21
7f1ede4a0000-7f1ede6a0000 ---p 00172000 08:01 58197300                   /usr/lib/x86_64-linux-gnu/libstdc++.so.6.0.21
7f1ede6a0000-7f1ede6aa000 r--p 00172000 08:01 58197300                   /usr/lib/x86_64-linux-gnu/libstdc++.so.6.0.21
7f1ede6aa000-7f1ede6ac000 rw-p 0017c000 08:01 58197300                   /usr/lib/x86_64-linux-gnu/libstdc++.so.6.0.21
7f1ede6ac000-7f1ede6b0000 rw-p 00000000 00:00 0 
7f1ede6b0000-7f1edf311000 r-xp 00000000 08:01 7082331                    /usr/lib/jvm/java-8-openjdk-amd64/jre/lib/amd64/server/libjvm.so
7f1edf311000-7f1edf511000 ---p 00c61000 08:01 7082331                    /usr/lib/jvm/java-8-openjdk-amd64/jre/lib/amd64/server/libjvm.so
7f1edf511000-7f1edf5a5000 r--p 00c61000 08:01 7082331                    /usr/lib/jvm/java-8-openjdk-amd64/jre/lib/amd64/server/libjvm.so
7f1edf5a5000-7f1edf5ce000 rw-p 00cf5000 08:01 7082331                    /usr/lib/jvm/java-8-openjdk-amd64/jre/lib/amd64/server/libjvm.so
7f1edf5ce000-7f1edf5fe000 rw-p 00000000 00:00 0 
7f1edf5fe000-7f1edf616000 r-xp 00000000 08:01 19793087                   /lib/x86_64-linux-gnu/libpthread-2.23.so
7f1edf616000-7f1edf815000 ---p 00018000 08:01 19793087                   /lib/x86_64-linux-gnu/libpthread-2.23.so
7f1edf815000-7f1edf816000 r--p 00017000 08:01 19793087                   /lib/x86_64-linux-gnu/libpthread-2.23.so
7f1edf816000-7f1edf817000 rw-p 00018000 08:01 19793087                   /lib/x86_64-linux-gnu/libpthread-2.23.so
7f1edf817000-7f1edf81b000 rw-p 00000000 00:00 0 
7f1edf81b000-7f1edf81e000 r-xp 00000000 08:01 19792922                   /lib/x86_64-linux-gnu/libdl-2.23.so
7f1edf81e000-7f1edfa1d000 ---p 00003000 08:01 19792922                   /lib/x86_64-linux-gnu/libdl-2.23.so
7f1edfa1d000-7f1edfa1e000 r--p 00002000 08:01 19792922                   /lib/x86_64-linux-gnu/libdl-2.23.so
7f1edfa1e000-7f1edfa1f000 rw-p 00003000 08:01 19792922                   /lib/x86_64-linux-gnu/libdl-2.23.so
7f1edfa1f000-7f1edfa38000 r-xp 00000000 08:01 19793059                   /lib/x86_64-linux-gnu/libz.so.1.2.8
7f1edfa38000-7f1edfc37000 ---p 00019000 08:01 19793059                   /lib/x86_64-linux-gnu/libz.so.1.2.8
7f1edfc37000-7f1edfc38000 r--p 00018000 08:01 19793059                   /lib/x86_64-linux-gnu/libz.so.1.2.8
7f1edfc38000-7f1edfc39000 rw-p 00019000 08:01 19793059                   /lib/x86_64-linux-gnu/libz.so.1.2.8
7f1edfc39000-7f1edfdf9000 r-xp 00000000 08:01 19797430                   /lib/x86_64-linux-gnu/libc-2.23.so
7f1edfdf9000-7f1edfff9000 ---p 001c0000 08:01 19797430                   /lib/x86_64-linux-gnu/libc-2.23.so
7f1edfff9000-7f1edfffd000 r--p 001c0000 08:01 19797430                   /lib/x86_64-linux-gnu/libc-2.23.so
7f1edfffd000-7f1edffff000 rw-p 001c4000 08:01 19797430                   /lib/x86_64-linux-gnu/libc-2.23.so
7f1edffff000-7f1ee0003000 rw-p 00000000 00:00 0 
7f1ee0003000-7f1ee0010000 r-xp 00000000 08:01 7082323                    /usr/lib/jvm/java-8-openjdk-amd64/jre/lib/amd64/jli/libjli.so
7f1ee0010000-7f1ee0210000 ---p 0000d000 08:01 7082323                    /usr/lib/jvm/java-8-openjdk-amd64/jre/lib/amd64/jli/libjli.so
7f1ee0210000-7f1ee0211000 r--p 0000d000 08:01 7082323                    /usr/lib/jvm/java-8-openjdk-amd64/jre/lib/amd64/jli/libjli.so
7f1ee0211000-7f1ee0212000 rw-p 0000e000 08:01 7082323                    /usr/lib/jvm/java-8-openjdk-amd64/jre/lib/amd64/jli/libjli.so
7f1ee0212000-7f1ee0238000 r-xp 00000000 08:01 19792925                   /lib/x86_64-linux-gnu/ld-2.23.so
7f1ee0311000-7f1ee0314000 ---p 00000000 00:00 0 
7f1ee0314000-7f1ee0416000 rw-p 00000000 00:00 0 
7f1ee042c000-7f1ee0434000 rw-s 00000000 08:01 20581207                   /tmp/hsperfdata_whzw/17000
7f1ee0434000-7f1ee0435000 rw-p 00000000 00:00 0 
7f1ee0435000-7f1ee0436000 r--p 00000000 00:00 0 
7f1ee0436000-7f1ee0437000 rw-p 00000000 00:00 0 
7f1ee0437000-7f1ee0438000 r--p 00025000 08:01 19792925                   /lib/x86_64-linux-gnu/ld-2.23.so
7f1ee0438000-7f1ee0439000 rw-p 00026000 08:01 19792925                   /lib/x86_64-linux-gnu/ld-2.23.so
7f1ee0439000-7f1ee043a000 rw-p 00000000 00:00 0 
7ffd82bca000-7ffd82bec000 rw-p 00000000 00:00 0                          [stack]
7ffd82bf1000-7ffd82bf4000 r--p 00000000 00:00 0                          [vvar]
7ffd82bf4000-7ffd82bf6000 r-xp 00000000 00:00 0                          [vdso]
ffffffffff600000-ffffffffff601000 r-xp 00000000 00:00 0                  [vsyscall]

VM Arguments:
java_command: /home/whzw/springcloud/service-zuul/target/surefire/surefirebooter994836906732989606.jar /home/whzw/springcloud/service-zuul/target/surefire 2019-04-05T13-48-21_685-jvmRun1 surefire995063054681627030tmp surefire_01000112799506641679tmp
java_class_path (initial): /home/whzw/springcloud/service-zuul/target/surefire/surefirebooter994836906732989606.jar
Launcher Type: SUN_STANDARD

Environment Variables:
CLASSPATH=:/opt/maven/apache-maven-3.5.3/lib
PATH=/home/whzw/anaconda3/bin:/usr/local/sbin:/usr/local/bin:/usr/sbin:/usr/bin:/sbin:/bin:/usr/games:/usr/local/games:/snap/bin:/opt/maven/apache-maven-3.5.3/bin:/opt/arm-2010.09/bin
SHELL=/bin/bash
DISPLAY=:0

Signal Handlers:
SIGSEGV: [libjvm.so+0xa74ca0], sa_mask[0]=11111111011111111101111111111110, sa_flags=SA_RESTART|SA_SIGINFO
SIGBUS: [libjvm.so+0xa74ca0], sa_mask[0]=11111111011111111101111111111110, sa_flags=SA_RESTART|SA_SIGINFO
SIGFPE: [libjvm.so+0x8bbcf0], sa_mask[0]=11111111011111111101111111111110, sa_flags=SA_RESTART|SA_SIGINFO
SIGPIPE: [libjvm.so+0x8bbcf0], sa_mask[0]=11111111011111111101111111111110, sa_flags=SA_RESTART|SA_SIGINFO
SIGXFSZ: [libjvm.so+0x8bbcf0], sa_mask[0]=11111111011111111101111111111110, sa_flags=SA_RESTART|SA_SIGINFO
SIGILL: [libjvm.so+0x8bbcf0], sa_mask[0]=11111111011111111101111111111110, sa_flags=SA_RESTART|SA_SIGINFO
SIGUSR1: SIG_DFL, sa_mask[0]=00000000000000000000000000000000, sa_flags=none
SIGUSR2: [libjvm.so+0x8bbba0], sa_mask[0]=00100000000000000000000000000000, sa_flags=SA_RESTART|SA_SIGINFO
SIGHUP: SIG_DFL, sa_mask[0]=00000000000000000000000000000000, sa_flags=none
SIGINT: SIG_DFL, sa_mask[0]=00000000000000000000000000000000, sa_flags=none
SIGTERM: SIG_DFL, sa_mask[0]=00000000000000000000000000000000, sa_flags=none
SIGQUIT: SIG_DFL, sa_mask[0]=00000000000000000000000000000000, sa_flags=none


---------------  S Y S T E M  ---------------

OS:DISTRIB_ID=Ubuntu
DISTRIB_RELEASE=16.04
DISTRIB_CODENAME=xenial
DISTRIB_DESCRIPTION="Ubuntu 16.04.6 LTS"

uname:Linux 4.12.9-041209-generic #201708242344 SMP Fri Aug 25 03:47:24 UTC 2017 x86_64
libc:glibc 2.23 NPTL 2.23 
rlimit: STACK 8192k, CORE 0k, NPROC 31511, NOFILE 1048576, AS infinity
load average:1.25 1.15 0.95

/proc/meminfo:
MemTotal:        8118104 kB
MemFree:          126456 kB
MemAvailable:     158700 kB
Buffers:           35128 kB
Cached:           319392 kB
SwapCached:        54004 kB
Active:          5819268 kB
Inactive:        1068192 kB
Active(anon):    5688200 kB
Inactive(anon):   978708 kB
Active(file):     131068 kB
Inactive(file):    89484 kB
Unevictable:          32 kB
Mlocked:              32 kB
SwapTotal:       8333308 kB
SwapFree:        6263036 kB
Dirty:               332 kB
Writeback:             0 kB
AnonPages:       6525780 kB
Mapped:           243164 kB
Shmem:            133964 kB
Slab:             375396 kB
SReclaimable:      61988 kB
SUnreclaim:       313408 kB
KernelStack:      520580 kB
PageTables:       124132 kB
NFS_Unstable:          0 kB
Bounce:                0 kB
WritebackTmp:          0 kB
CommitLimit:    12392360 kB
Committed_AS:   45729392 kB
VmallocTotal:   34359738367 kB
VmallocUsed:           0 kB
VmallocChunk:          0 kB
HardwareCorrupted:     0 kB
AnonHugePages:         0 kB
ShmemHugePages:        0 kB
ShmemPmdMapped:        0 kB
CmaTotal:              0 kB
CmaFree:               0 kB
HugePages_Total:       0
HugePages_Free:        0
HugePages_Rsvd:        0
HugePages_Surp:        0
Hugepagesize:       2048 kB
DirectMap4k:      263456 kB
DirectMap2M:     8071168 kB
DirectMap1G:     1048576 kB

container (cgroup) information:
container_type: cgroupv1
cpu_cpuset_cpus: 0-3
cpu_memory_nodes: 0
active_processor_count: 4
cpu_quota: -1
cpu_period: 100000
cpu_shares: -1
memory_limit_in_bytes: -1
memory_and_swap_limit_in_bytes: -2
memory_soft_limit_in_bytes: -1
memory_usage_in_bytes: 5874438144
memory_max_usage_in_bytes: 5880893440


CPU:total 4 (initial active 4) (4 cores per cpu, 1 threads per core) family 6 model 60 stepping 3, cmov, cx8, fxsr, mmx, sse, sse2, sse3, ssse3, sse4.1, sse4.2, popcnt, avx, avx2, aes, clmul, erms, lzcnt, tsc, tscinvbit, bmi1, bmi2

/proc/cpuinfo:
processor	: 0
vendor_id	: GenuineIntel
cpu family	: 6
model		: 60
model name	: Intel(R) Core(TM) i5-4590 CPU @ 3.30GHz
stepping	: 3
microcode	: 0x25
cpu MHz		: 1941.650
cache size	: 6144 KB
physical id	: 0
siblings	: 4
core id		: 0
cpu cores	: 4
apicid		: 0
initial apicid	: 0
fpu		: yes
fpu_exception	: yes
cpuid level	: 13
wp		: yes
flags		: fpu vme de pse tsc msr pae mce cx8 apic sep mtrr pge mca cmov pat pse36 clflush dts acpi mmx fxsr sse sse2 ss ht tm pbe syscall nx pdpe1gb rdtscp lm constant_tsc arch_perfmon pebs bts rep_good nopl xtopology nonstop_tsc cpuid aperfmperf pni pclmulqdq dtes64 monitor ds_cpl vmx smx est tm2 ssse3 sdbg fma cx16 xtpr pdcm pcid sse4_1 sse4_2 x2apic movbe popcnt tsc_deadline_timer aes xsave avx f16c rdrand lahf_lm abm cpuid_fault epb tpr_shadow vnmi flexpriority ept vpid fsgsbase tsc_adjust bmi1 avx2 smep bmi2 erms invpcid xsaveopt dtherm ida arat pln pts
bugs		:
bogomips	: 6584.45
clflush size	: 64
cache_alignment	: 64
address sizes	: 39 bits physical, 48 bits virtual
power management:

processor	: 1
vendor_id	: GenuineIntel
cpu family	: 6
model		: 60
model name	: Intel(R) Core(TM) i5-4590 CPU @ 3.30GHz
stepping	: 3
microcode	: 0x25
cpu MHz		: 1712.438
cache size	: 6144 KB
physical id	: 0
siblings	: 4
core id		: 1
cpu cores	: 4
apicid		: 2
initial apicid	: 2
fpu		: yes
fpu_exception	: yes
cpuid level	: 13
wp		: yes
flags		: fpu vme de pse tsc msr pae mce cx8 apic sep mtrr pge mca cmov pat pse36 clflush dts acpi mmx fxsr sse sse2 ss ht tm pbe syscall nx pdpe1gb rdtscp lm constant_tsc arch_perfmon pebs bts rep_good nopl xtopology nonstop_tsc cpuid aperfmperf pni pclmulqdq dtes64 monitor ds_cpl vmx smx est tm2 ssse3 sdbg fma cx16 xtpr pdcm pcid sse4_1 sse4_2 x2apic movbe popcnt tsc_deadline_timer aes xsave avx f16c rdrand lahf_lm abm cpuid_fault epb tpr_shadow vnmi flexpriority ept vpid fsgsbase tsc_adjust bmi1 avx2 smep bmi2 erms invpcid xsaveopt dtherm ida arat pln pts
bugs		:
bogomips	: 6585.39
clflush size	: 64
cache_alignment	: 64
address sizes	: 39 bits physical, 48 bits virtual
power management:

processor	: 2
vendor_id	: GenuineIntel
cpu family	: 6
model		: 60
model name	: Intel(R) Core(TM) i5-4590 CPU @ 3.30GHz
stepping	: 3
microcode	: 0x25
cpu MHz		: 1925.335
cache size	: 6144 KB
physical id	: 0
siblings	: 4
core id		: 2
cpu cores	: 4
apicid		: 4
initial apicid	: 4
fpu		: yes
fpu_exception	: yes
cpuid level	: 13
wp		: yes
flags		: fpu vme de pse tsc msr pae mce cx8 apic sep mtrr pge mca cmov pat pse36 clflush dts acpi mmx fxsr sse sse2 ss ht tm pbe syscall nx pdpe1gb rdtscp lm constant_tsc arch_perfmon pebs bts rep_good nopl xtopology nonstop_tsc cpuid aperfmperf pni pclmulqdq dtes64 monitor ds_cpl vmx smx est tm2 ssse3 sdbg fma cx16 xtpr pdcm pcid sse4_1 sse4_2 x2apic movbe popcnt tsc_deadline_timer aes xsave avx f16c rdrand lahf_lm abm cpuid_fault epb tpr_shadow vnmi flexpriority ept vpid fsgsbase tsc_adjust bmi1 avx2 smep bmi2 erms invpcid xsaveopt dtherm ida arat pln pts
bugs		:
bogomips	: 6585.40
clflush size	: 64
cache_alignment	: 64
address sizes	: 39 bits physical, 48 bits virtual
power management:

processor	: 3
vendor_id	: GenuineIntel
cpu family	: 6
model		: 60
model name	: Intel(R) Core(TM) i5-4590 CPU @ 3.30GHz
stepping	: 3
microcode	: 0x25
cpu MHz		: 2138.836
cache size	: 6144 KB
physical id	: 0
siblings	: 4
core id		: 3
cpu cores	: 4
apicid		: 6
initial apicid	: 6
fpu		: yes
fpu_exception	: yes
cpuid level	: 13
wp		: yes
flags		: fpu vme de pse tsc msr pae mce cx8 apic sep mtrr pge mca cmov pat pse36 clflush dts acpi mmx fxsr sse sse2 ss ht tm pbe syscall nx pdpe1gb rdtscp lm constant_tsc arch_perfmon pebs bts rep_good nopl xtopology nonstop_tsc cpuid aperfmperf pni pclmulqdq dtes64 monitor ds_cpl vmx smx est tm2 ssse3 sdbg fma cx16 xtpr pdcm pcid sse4_1 sse4_2 x2apic movbe popcnt tsc_deadline_timer aes xsave avx f16c rdrand lahf_lm abm cpuid_fault epb tpr_shadow vnmi flexpriority ept vpid fsgsbase tsc_adjust bmi1 avx2 smep bmi2 erms invpcid xsaveopt dtherm ida arat pln pts
bugs		:
bogomips	: 6585.41
clflush size	: 64
cache_alignment	: 64
address sizes	: 39 bits physical, 48 bits virtual
power management:



Memory: 4k page, physical 8118104k(126456k free), swap 8333308k(6263036k free)

vm_info: OpenJDK 64-Bit Server VM (25.191-b12) for linux-amd64 JRE (1.8.0_191-8u191-b12-2ubuntu0.16.04.1-b12), built on Jan 14 2019 21:59:52 by "buildd" with gcc 5.4.0 20160609

time: Fri Apr  5 13:48:22 2019
elapsed time: 0 seconds (0d 0h 0m 0s)

